[2026-05-11T13:37:34.286Z] [INFO] Iniciando bot
[2026-05-11T13:37:37.250Z] [ERROR] Status code 404
[2026-05-11T13:41:08.388Z] [INFO] Iniciando bot
[2026-05-11T13:41:09.116Z] [ERROR] Cannot read properties of undefined (reading 'id')
[2026-05-11T13:42:08.743Z] [INFO] Iniciando bot
[2026-05-11T13:42:09.088Z] [ERROR] Cannot read properties of undefined (reading 'id')
[2026-05-11T13:45:45.309Z] [INFO] Iniciando bot
[2026-05-11T13:46:45.117Z] [INFO] Iniciando bot
[2026-05-11T13:50:35.982Z] [INFO] Iniciando bot
[2026-05-11T13:55:37.603Z] [INFO] Iniciando bot
[2026-05-11T13:57:20.702Z] [INFO] Enviado: Inicio 
[2026-05-11T13:57:26.539Z] [INFO] Enviado: TIN Títulos Inmobiliarios 
[2026-05-11T13:57:28.558Z] [INFO] Enviado: Tips UVR U-3 
[2026-05-11T13:57:30.429Z] [INFO] Enviado: Superintendencia Financiera 
[2026-05-11T13:57:32.714Z] [INFO] Enviado: Tips Pesos N-23 
[2026-05-11T13:57:35.223Z] [INFO] Enviado: Tips UVR U-4 
[2026-05-11T13:57:37.811Z] [INFO] Enviado: Tips UVR U-2 
[2026-05-11T13:57:41.543Z] [INFO] Enviado: Nuestra Compañia 
[2026-05-11T13:57:43.488Z] [INFO] Enviado: TIPs SOCIALES  U-7 
[2026-05-11T13:57:45.372Z] [INFO] Enviado: TIPs SOCIALES U-6 
[2026-05-11T13:57:47.290Z] [INFO] Enviado: TIPs U-5 
